#
# There is insufficient memory for the Java Runtime Environment to continue.
# Native memory allocation (malloc) failed to allocate 1180336 bytes for Chunk::new
# Possible reasons:
#   The system is out of physical RAM or swap space
#   In 32 bit mode, the process size limit was hit
# Possible solutions:
#   Reduce memory load on the system
#   Increase physical memory or swap space
#   Check if swap backing store is full
#   Use 64 bit Java on a 64 bit OS
#   Decrease Java heap size (-Xmx/-Xms)
#   Decrease number of Java threads
#   Decrease Java thread stack sizes (-Xss)
#   Set larger code cache with -XX:ReservedCodeCacheSize=
# This output file may be truncated or incomplete.
#
#  Out of Memory Error (allocation.cpp:390), pid=972, tid=0x000000000000323c
#
# JRE version: OpenJDK Runtime Environment (8.0_152-b01) (build 1.8.0_152-release-1343-b01)
# Java VM: OpenJDK 64-Bit Server VM (25.152-b01 mixed mode windows-amd64 compressed oops)
# Failed to write core dump. Minidumps are not enabled by default on client versions of Windows
#

---------------  T H R E A D  ---------------

Current thread (0x000000001809d000):  JavaThread "C2 CompilerThread1" daemon [_thread_in_native, id=12860, stack(0x00000000197f0000,0x00000000198f0000)]

Stack: [0x00000000197f0000,0x00000000198f0000]
[error occurred during error reporting (printing stack bounds), id 0xc0000005]

Native frames: (J=compiled Java code, j=interpreted, Vv=VM code, C=native code)


Current CompileTask:
C2:  50697 11464       4       com.android.tools.r8.ir.regalloc.LinearScanRegisterAllocator::allocateSingleInterval (841 bytes)


---------------  P R O C E S S  ---------------

Java Threads: ( => current thread )
  0x0000000020d46000 JavaThread "ForkJoinPool.commonPool-worker-0" daemon [_thread_in_Java, id=10104, stack(0x0000000027fe0000,0x00000000280e0000)]
  0x0000000020d45000 JavaThread "ForkJoinPool.commonPool-worker-2" daemon [_thread_in_native, id=4656, stack(0x0000000024f30000,0x0000000025030000)]
  0x0000000020d47800 JavaThread "ForkJoinPool.commonPool-worker-1" daemon [_thread_in_vm, id=5072, stack(0x0000000024e30000,0x0000000024f30000)]
  0x0000000020d43800 JavaThread "Cache worker for execution history cache (E:\dsds-s-master\Reuse\.gradle\5.4.1\executionHistory)" [_thread_blocked, id=1764, stack(0x0000000024930000,0x0000000024a30000)]
  0x0000000020d43000 JavaThread "Execution worker for ':' Thread 3" [_thread_blocked, id=1884, stack(0x0000000024830000,0x0000000024930000)]
  0x0000000020d44800 JavaThread "Execution worker for ':' Thread 2" [_thread_blocked, id=11132, stack(0x0000000024730000,0x0000000024830000)]
  0x0000000020d42000 JavaThread "Execution worker for ':'" [_thread_blocked, id=2316, stack(0x0000000024630000,0x0000000024730000)]
  0x0000000020d3a800 JavaThread "Cache worker for file content cache (E:\dsds-s-master\Reuse\.gradle\5.4.1\fileContent)" [_thread_blocked, id=7512, stack(0x0000000024530000,0x0000000024630000)]
  0x0000000020d41800 JavaThread "Cache worker for file content cache (C:\Users\Admin\.gradle\caches\5.4.1\fileContent)" [_thread_blocked, id=3264, stack(0x0000000024430000,0x0000000024530000)]
  0x0000000020d40800 JavaThread "Memory manager" [_thread_blocked, id=4352, stack(0x0000000024130000,0x0000000024230000)]
  0x0000000020d3e800 JavaThread "Cache worker for Build Output Cleanup Cache (E:\dsds-s-master\Reuse\.gradle\buildOutputCleanup)" [_thread_blocked, id=12728, stack(0x0000000023030000,0x0000000023130000)]
  0x0000000020d3c000 JavaThread "Build operations Thread 4" [_thread_blocked, id=2920, stack(0x0000000022b30000,0x0000000022c30000)]
  0x0000000020d3f000 JavaThread "Build operations Thread 3" [_thread_blocked, id=11388, stack(0x0000000022a30000,0x0000000022b30000)]
  0x0000000020d3c800 JavaThread "Build operations Thread 2" [_thread_blocked, id=10860, stack(0x0000000022930000,0x0000000022a30000)]
  0x0000000020d39000 JavaThread "Build operations" [_thread_blocked, id=10432, stack(0x0000000022830000,0x0000000022930000)]
  0x0000000020d3b000 JavaThread "Cache worker for execution history cache (C:\Users\Admin\.gradle\caches\5.4.1\executionHistory)" [_thread_blocked, id=6948, stack(0x0000000022730000,0x0000000022830000)]
  0x0000000020d3d800 JavaThread "Cache worker for cache directory md-rule (C:\Users\Admin\.gradle\caches\5.4.1\md-rule)" [_thread_blocked, id=7564, stack(0x0000000020b20000,0x0000000020c20000)]
  0x000000001b848800 JavaThread "Cache worker for cache directory md-supplier (C:\Users\Admin\.gradle\caches\5.4.1\md-supplier)" [_thread_blocked, id=11596, stack(0x0000000020350000,0x0000000020450000)]
  0x000000001b84a000 JavaThread "Cache worker for file hash cache (E:\dsds-s-master\Reuse\.gradle\5.4.1\fileHashes)" [_thread_blocked, id=11536, stack(0x000000001f280000,0x000000001f380000)]
  0x000000001b84c000 JavaThread "Cache worker for journal cache (C:\Users\Admin\.gradle\caches\journal-1)" [_thread_blocked, id=1856, stack(0x000000001dc10000,0x000000001dd10000)]
  0x000000001b84b800 JavaThread "File lock request listener" [_thread_in_native, id=11556, stack(0x000000001db10000,0x000000001dc10000)]
  0x000000001b84a800 JavaThread "Cache worker for file hash cache (C:\Users\Admin\.gradle\caches\5.4.1\fileHashes)" [_thread_blocked, id=12240, stack(0x000000001da10000,0x000000001db10000)]
  0x000000001aebc800 JavaThread "Thread-9" [_thread_blocked, id=3308, stack(0x000000001d910000,0x000000001da10000)]
  0x000000001aebb800 JavaThread "Stdin handler" [_thread_blocked, id=13268, stack(0x000000001d810000,0x000000001d910000)]
  0x000000001aebb000 JavaThread "Asynchronous log dispatcher for DefaultDaemonConnection: socket connection from /127.0.0.1:62544 to /127.0.0.1:62545" [_thread_blocked, id=12616, stack(0x000000001d710000,0x000000001d810000)]
  0x000000001aaf2000 JavaThread "Daemon worker" [_thread_blocked, id=2964, stack(0x000000001d610000,0x000000001d710000)]
  0x000000001aaf1000 JavaThread "Cancel handler" [_thread_blocked, id=10168, stack(0x000000001d510000,0x000000001d610000)]
  0x000000001b515000 JavaThread "Handler for socket connection from /127.0.0.1:62544 to /127.0.0.1:62545" [_thread_in_native, id=12952, stack(0x000000001d210000,0x000000001d310000)]
  0x000000001ab7d000 JavaThread "Daemon" [_thread_blocked, id=1216, stack(0x000000001d110000,0x000000001d210000)]
  0x000000001a914800 JavaThread "Daemon periodic checks" [_thread_blocked, id=6860, stack(0x000000001d010000,0x000000001d110000)]
  0x000000001ace8800 JavaThread "Incoming local TCP Connector on port 62544" [_thread_in_native, id=11072, stack(0x000000001cdd0000,0x000000001ced0000)]
  0x000000001b608000 JavaThread "Daemon health stats" [_thread_blocked, id=12268, stack(0x000000001c790000,0x000000001c890000)]
  0x0000000019a10800 JavaThread "Service Thread" daemon [_thread_blocked, id=12404, stack(0x0000000019df0000,0x0000000019ef0000)]
  0x00000000180a5000 JavaThread "C1 CompilerThread2" daemon [_thread_blocked, id=4156, stack(0x00000000198f0000,0x00000000199f0000)]
=>0x000000001809d000 JavaThread "C2 CompilerThread1" daemon [_thread_in_native, id=12860, stack(0x00000000197f0000,0x00000000198f0000)]
  0x00000000180a9800 JavaThread "C2 CompilerThread0" daemon [_thread_in_native, id=5484, stack(0x00000000196f0000,0x00000000197f0000)]
  0x00000000180a7800 JavaThread "Attach Listener" daemon [_thread_blocked, id=1504, stack(0x00000000195f0000,0x00000000196f0000)]
  0x00000000180a6800 JavaThread "Signal Dispatcher" daemon [_thread_blocked, id=12256, stack(0x00000000194f0000,0x00000000195f0000)]
  0x000000000472c000 JavaThread "Finalizer" daemon [_thread_blocked, id=6364, stack(0x0000000019300000,0x0000000019400000)]
  0x0000000004723000 JavaThread "Reference Handler" daemon [_thread_blocked, id=12844, stack(0x0000000019200000,0x0000000019300000)]
  0x000000000462e000 JavaThread "main" [_thread_blocked, id=11192, stack(0x0000000004480000,0x0000000004580000)]

Other Threads:
  0x0000000018066800 VMThread [stack: 0x0000000019100000,0x0000000019200000] [id=10496]
  0x00000000180fd800 WatcherThread [stack: 0x0000000019ef0000,0x0000000019ff0000] [id=11012]

VM state:not at safepoint (normal execution)

VM Mutex/Monitor currently owned by a thread: None

Heap:
 PSYoungGen      total 257536K, used 46067K [0x00000000e0000000, 0x00000000f3600000, 0x0000000100000000)
  eden space 222720K, 12% used [0x00000000e0000000,0x00000000e1c21278,0x00000000ed980000)
  from space 34816K, 49% used [0x00000000ed980000,0x00000000eea5ba68,0x00000000efb80000)
  to   space 33792K, 0% used [0x00000000f1500000,0x00000000f1500000,0x00000000f3600000)
 ParOldGen       total 165888K, used 76064K [0x00000000a0000000, 0x00000000aa200000, 0x00000000e0000000)
  object space 165888K, 45% used [0x00000000a0000000,0x00000000a4a48108,0x00000000aa200000)
 Metaspace       used 74802K, capacity 77918K, committed 78168K, reserved 1116160K
  class space    used 9903K, capacity 10525K, committed 10584K, reserved 1048576K

Card table byte_map: [0x0000000013af0000,0x0000000013e00000] byte_map_base: 0x00000000135f0000

Marking Bits: (ParMarkBitMap*) 0x0000000075cf5aa0
 Begin Bits: [0x0000000014400000, 0x0000000015c00000)
 End Bits:   [0x0000000015c00000, 0x0000000017400000)

Polling page: 0x0000000002760000

CodeCache: size=245760Kb used=33120Kb max_used=33120Kb free=212639Kb
 bounds [0x0000000004730000, 0x00000000067b0000, 0x0000000013730000]
 total_blobs=11348 nmethods=10495 adapters=764
 compilation: enabled

Compilation events (10 events):
Event: 50.652 Thread 0x00000000180a5000 12131       2       com.android.tools.r8.it.unimi.dsi.fastutil.objects.Reference2IntLinkedOpenHashMap$MapIterator::hasNext (14 bytes)
Event: 50.653 Thread 0x00000000180a5000 nmethod 12131 0x00000000067a7c50 code [0x00000000067a7da0, 0x00000000067a7f10]
Event: 50.657 Thread 0x00000000180a5000 12132       2       com.android.tools.r8.ir.conversion.DexBuilder$IfInfo::offsetOutOfRange (80 bytes)
Event: 50.658 Thread 0x00000000180a5000 nmethod 12132 0x00000000067a7f90 code [0x00000000067a8120, 0x00000000067a83d8]
Event: 50.672 Thread 0x00000000180a5000 12133       2       com.android.tools.r8.ir.code.Switch::estimatedSize (62 bytes)
Event: 50.673 Thread 0x00000000180a5000 nmethod 12133 0x00000000067a85d0 code [0x00000000067a8740, 0x00000000067a8aa8]
Event: 50.673 Thread 0x00000000180a5000 12134       2       java.lang.Long::numberOfLeadingZeros (94 bytes)
Event: 50.673 Thread 0x00000000180a5000 nmethod 12134 0x00000000067a8cd0 code [0x00000000067a8e20, 0x00000000067a8ff0]
Event: 50.685 Thread 0x00000000180a5000 12135       1       com.android.tools.r8.it.unimi.dsi.fastutil.ints.Int2ReferenceOpenHashMap$KeySet::size (8 bytes)
Event: 50.685 Thread 0x00000000180a5000 nmethod 12135 0x00000000067a9050 code [0x00000000067a91a0, 0x00000000067a92b0]

GC Heap History (10 events):
Event: 34.004 GC heap before
{Heap before GC invocations=17 (full 3):
 PSYoungGen      total 181248K, used 180920K [0x00000000e0000000, 0x00000000ee180000, 0x0000000100000000)
  eden space 164864K, 100% used [0x00000000e0000000,0x00000000ea100000,0x00000000ea100000)
  from space 16384K, 97% used [0x00000000ea100000,0x00000000eb0ae0a8,0x00000000eb100000)
  to   space 18944K, 0% used [0x00000000ecf00000,0x00000000ecf00000,0x00000000ee180000)
 ParOldGen       total 94208K, used 35714K [0x00000000a0000000, 0x00000000a5c00000, 0x00000000e0000000)
  object space 94208K, 37% used [0x00000000a0000000,0x00000000a22e0b68,0x00000000a5c00000)
 Metaspace       used 63427K, capacity 65610K, committed 65880K, reserved 1105920K
  class space    used 8524K, capacity 8973K, committed 9048K, reserved 1048576K
Event: 34.078 GC heap after
Heap after GC invocations=17 (full 3):
 PSYoungGen      total 207360K, used 18928K [0x00000000e0000000, 0x00000000eeb00000, 0x0000000100000000)
  eden space 188416K, 0% used [0x00000000e0000000,0x00000000e0000000,0x00000000eb800000)
  from space 18944K, 99% used [0x00000000ecf00000,0x00000000ee17c060,0x00000000ee180000)
  to   space 23552K, 0% used [0x00000000eb800000,0x00000000eb800000,0x00000000ecf00000)
 ParOldGen       total 94208K, used 41120K [0x00000000a0000000, 0x00000000a5c00000, 0x00000000e0000000)
  object space 94208K, 43% used [0x00000000a0000000,0x00000000a2828278,0x00000000a5c00000)
 Metaspace       used 63427K, capacity 65610K, committed 65880K, reserved 1105920K
  class space    used 8524K, capacity 8973K, committed 9048K, reserved 1048576K
}
Event: 37.830 GC heap before
{Heap before GC invocations=18 (full 3):
 PSYoungGen      total 207360K, used 207344K [0x00000000e0000000, 0x00000000eeb00000, 0x0000000100000000)
  eden space 188416K, 100% used [0x00000000e0000000,0x00000000eb800000,0x00000000eb800000)
  from space 18944K, 99% used [0x00000000ecf00000,0x00000000ee17c060,0x00000000ee180000)
  to   space 23552K, 0% used [0x00000000eb800000,0x00000000eb800000,0x00000000ecf00000)
 ParOldGen       total 94208K, used 41122K [0x00000000a0000000, 0x00000000a5c00000, 0x00000000e0000000)
  object space 94208K, 43% used [0x00000000a0000000,0x00000000a2828ac0,0x00000000a5c00000)
 Metaspace       used 64398K, capacity 66674K, committed 66776K, reserved 1107968K
  class space    used 8633K, capacity 9101K, committed 9176K, reserved 1048576K
Event: 37.924 GC heap after
Heap after GC invocations=18 (full 3):
 PSYoungGen      total 211968K, used 23541K [0x00000000e0000000, 0x00000000f1f80000, 0x0000000100000000)
  eden space 188416K, 0% used [0x00000000e0000000,0x00000000e0000000,0x00000000eb800000)
  from space 23552K, 99% used [0x00000000eb800000,0x00000000ecefd728,0x00000000ecf00000)
  to   space 34816K, 0% used [0x00000000efd80000,0x00000000efd80000,0x00000000f1f80000)
 ParOldGen       total 94208K, used 61955K [0x00000000a0000000, 0x00000000a5c00000, 0x00000000e0000000)
  object space 94208K, 65% used [0x00000000a0000000,0x00000000a3c80d70,0x00000000a5c00000)
 Metaspace       used 64398K, capacity 66674K, committed 66776K, reserved 1107968K
  class space    used 8633K, capacity 9101K, committed 9176K, reserved 1048576K
}
Event: 42.087 GC heap before
{Heap before GC invocations=19 (full 3):
 PSYoungGen      total 211968K, used 211957K [0x00000000e0000000, 0x00000000f1f80000, 0x0000000100000000)
  eden space 188416K, 100% used [0x00000000e0000000,0x00000000eb800000,0x00000000eb800000)
  from space 23552K, 99% used [0x00000000eb800000,0x00000000ecefd728,0x00000000ecf00000)
  to   space 34816K, 0% used [0x00000000efd80000,0x00000000efd80000,0x00000000f1f80000)
 ParOldGen       total 94208K, used 61957K [0x00000000a0000000, 0x00000000a5c00000, 0x00000000e0000000)
  object space 94208K, 65% used [0x00000000a0000000,0x00000000a3c81620,0x00000000a5c00000)
 Metaspace       used 64752K, capacity 67018K, committed 67288K, reserved 1107968K
  class space    used 8677K, capacity 9147K, committed 9176K, reserved 1048576K
Event: 42.141 GC heap after
Heap after GC invocations=19 (full 3):
 PSYoungGen      total 255488K, used 18093K [0x00000000e0000000, 0x00000000f1d80000, 0x0000000100000000)
  eden space 222720K, 0% used [0x00000000e0000000,0x00000000e0000000,0x00000000ed980000)
  from space 32768K, 55% used [0x00000000efd80000,0x00000000f0f2b5d0,0x00000000f1d80000)
  to   space 34816K, 0% used [0x00000000ed980000,0x00000000ed980000,0x00000000efb80000)
 ParOldGen       total 94208K, used 78599K [0x00000000a0000000, 0x00000000a5c00000, 0x00000000e0000000)
  object space 94208K, 83% used [0x00000000a0000000,0x00000000a4cc1c28,0x00000000a5c00000)
 Metaspace       used 64752K, capacity 67018K, committed 67288K, reserved 1107968K
  class space    used 8677K, capacity 9147K, committed 9176K, reserved 1048576K
}
Event: 42.141 GC heap before
{Heap before GC invocations=20 (full 4):
 PSYoungGen      total 255488K, used 18093K [0x00000000e0000000, 0x00000000f1d80000, 0x0000000100000000)
  eden space 222720K, 0% used [0x00000000e0000000,0x00000000e0000000,0x00000000ed980000)
  from space 32768K, 55% used [0x00000000efd80000,0x00000000f0f2b5d0,0x00000000f1d80000)
  to   space 34816K, 0% used [0x00000000ed980000,0x00000000ed980000,0x00000000efb80000)
 ParOldGen       total 94208K, used 78599K [0x00000000a0000000, 0x00000000a5c00000, 0x00000000e0000000)
  object space 94208K, 83% used [0x00000000a0000000,0x00000000a4cc1c28,0x00000000a5c00000)
 Metaspace       used 64752K, capacity 67018K, committed 67288K, reserved 1107968K
  class space    used 8677K, capacity 9147K, committed 9176K, reserved 1048576K
Event: 42.633 GC heap after
Heap after GC invocations=20 (full 4):
 PSYoungGen      total 255488K, used 0K [0x00000000e0000000, 0x00000000f1d80000, 0x0000000100000000)
  eden space 222720K, 0% used [0x00000000e0000000,0x00000000e0000000,0x00000000ed980000)
  from space 32768K, 0% used [0x00000000efd80000,0x00000000efd80000,0x00000000f1d80000)
  to   space 34816K, 0% used [0x00000000ed980000,0x00000000ed980000,0x00000000efb80000)
 ParOldGen       total 165888K, used 76056K [0x00000000a0000000, 0x00000000aa200000, 0x00000000e0000000)
  object space 165888K, 45% used [0x00000000a0000000,0x00000000a4a46108,0x00000000aa200000)
 Metaspace       used 64689K, capacity 66848K, committed 67288K, reserved 1107968K
  class space    used 8657K, capacity 9112K, committed 9176K, reserved 1048576K
}
Event: 49.827 GC heap before
{Heap before GC invocations=21 (full 4):
 PSYoungGen      total 255488K, used 222720K [0x00000000e0000000, 0x00000000f1d80000, 0x0000000100000000)
  eden space 222720K, 100% used [0x00000000e0000000,0x00000000ed980000,0x00000000ed980000)
  from space 32768K, 0% used [0x00000000efd80000,0x00000000efd80000,0x00000000f1d80000)
  to   space 34816K, 0% used [0x00000000ed980000,0x00000000ed980000,0x00000000efb80000)
 ParOldGen       total 165888K, used 76056K [0x00000000a0000000, 0x00000000aa200000, 0x00000000e0000000)
  object space 165888K, 45% used [0x00000000a0000000,0x00000000a4a46108,0x00000000aa200000)
 Metaspace       used 73996K, capacity 76874K, committed 77016K, reserved 1116160K
  class space    used 9800K, capacity 10363K, committed 10456K, reserved 1048576K
Event: 49.910 GC heap after
Heap after GC invocations=21 (full 4):
 PSYoungGen      total 257536K, used 17262K [0x00000000e0000000, 0x00000000f3600000, 0x0000000100000000)
  eden space 222720K, 0% used [0x00000000e0000000,0x00000000e0000000,0x00000000ed980000)
  from space 34816K, 49% used [0x00000000ed980000,0x00000000eea5ba68,0x00000000efb80000)
  to   space 33792K, 0% used [0x00000000f1500000,0x00000000f1500000,0x00000000f3600000)
 ParOldGen       total 165888K, used 76064K [0x00000000a0000000, 0x00000000aa200000, 0x00000000e0000000)
  object space 165888K, 45% used [0x00000000a0000000,0x00000000a4a48108,0x00000000aa200000)
 Metaspace       used 73996K, capacity 76874K, committed 77016K, reserved 1116160K
  class space    used 9800K, capacity 10363K, committed 10456K, reserved 1048576K
}

Deoptimization events (10 events):
Event: 47.873 Thread 0x0000000020d46000 Uncommon trap: reason=unstable_if action=reinterpret pc=0x00000000062e14d8 method=java.util.HashMap.putVal(ILjava/lang/Object;Ljava/lang/Object;ZZ)Ljava/lang/Object; @ 109
Event: 47.873 Thread 0x0000000020d46000 Uncommon trap: reason=unstable_if action=reinterpret pc=0x0000000005b9b528 method=java.util.HashMap.putVal(ILjava/lang/Object;Ljava/lang/Object;ZZ)Ljava/lang/Object; @ 162
Event: 47.876 Thread 0x0000000020d46000 Uncommon trap: reason=unstable_if action=reinterpret pc=0x0000000004fa732c method=java.util.HashMap.getNode(ILjava/lang/Object;)Ljava/util/HashMap$Node; @ 84
Event: 48.447 Thread 0x0000000020d45000 Uncommon trap: reason=unstable_if action=reinterpret pc=0x000000000643edc8 method=com.android.tools.r8.ir.conversion.JarState.getLocalRegister(ILcom/android/tools/r8/org/objectweb/asm/Type;)I @ 81
Event: 48.793 Thread 0x0000000020d47800 Uncommon trap: reason=unstable_if action=reinterpret pc=0x000000000619dd74 method=com.android.tools.r8.org.objectweb.asm.ClassReader.readUTF(II[C)Ljava/lang/String; @ 41
Event: 48.793 Thread 0x0000000020d47800 Uncommon trap: reason=unstable_if action=reinterpret pc=0x0000000006146544 method=com.android.tools.r8.org.objectweb.asm.ClassReader.readUTF(II[C)Ljava/lang/String; @ 41
Event: 48.808 Thread 0x0000000020d47800 Uncommon trap: reason=unstable_if action=reinterpret pc=0x000000000512bd18 method=com.android.tools.r8.graph.DexString.countBytes(Ljava/lang/String;)I @ 25
Event: 48.810 Thread 0x0000000020d47800 Uncommon trap: reason=unstable_if action=reinterpret pc=0x00000000061629dc method=com.android.tools.r8.graph.DexString.countBytes(Ljava/lang/String;)I @ 25
Event: 48.859 Thread 0x0000000020d47800 Uncommon trap: reason=unstable_if action=reinterpret pc=0x000000000615e9f8 method=com.android.tools.r8.graph.DexString.decode()Ljava/lang/String; @ 53
Event: 50.105 Thread 0x0000000020d45000 Uncommon trap: reason=predicate action=maybe_recompile pc=0x0000000005f086e8 method=java.util.TimSort.binarySort([Ljava/lang/Object;IIILjava/util/Comparator;)V @ 37

Classes redefined (0 events):
No events

Internal exceptions (10 events):
Event: 43.891 Thread 0x0000000020d47800 Exception <a 'sun/nio/fs/WindowsException'> (0x00000000e1de4a78) thrown at [D:\src\AOSP-openjdk-cygwin\jdk8u\hotspot\src\share\vm\prims\jni.cpp, line 709]
Event: 43.891 Thread 0x0000000020d46000 Exception <a 'sun/nio/fs/WindowsException'> (0x00000000e1f10420) thrown at [D:\src\AOSP-openjdk-cygwin\jdk8u\hotspot\src\share\vm\prims\jni.cpp, line 709]
Event: 43.903 Thread 0x0000000020d45000 Exception <a 'sun/nio/fs/WindowsException'> (0x00000000e201cae0) thrown at [D:\src\AOSP-openjdk-cygwin\jdk8u\hotspot\src\share\vm\prims\jni.cpp, line 709]
Event: 45.930 Thread 0x0000000020d47800 Implicit null exception at 0x00000000050644ef to 0x000000000506458d
Event: 50.662 Thread 0x0000000020d45000 Exception <a 'sun/nio/fs/WindowsException'> (0x00000000e18f5f28) thrown at [D:\src\AOSP-openjdk-cygwin\jdk8u\hotspot\src\share\vm\prims\jni.cpp, line 709]
Event: 50.663 Thread 0x0000000020d45000 Exception <a 'sun/nio/fs/WindowsException'> (0x00000000e18f6538) thrown at [D:\src\AOSP-openjdk-cygwin\jdk8u\hotspot\src\share\vm\prims\jni.cpp, line 709]
Event: 50.663 Thread 0x0000000020d45000 Exception <a 'sun/nio/fs/WindowsException'> (0x00000000e18f6bc8) thrown at [D:\src\AOSP-openjdk-cygwin\jdk8u\hotspot\src\share\vm\prims\jni.cpp, line 709]
Event: 50.663 Thread 0x0000000020d45000 Exception <a 'sun/nio/fs/WindowsException'> (0x00000000e18f73d8) thrown at [D:\src\AOSP-openjdk-cygwin\jdk8u\hotspot\src\share\vm\prims\jni.cpp, line 709]
Event: 50.663 Thread 0x0000000020d45000 Exception <a 'sun/nio/fs/WindowsException'> (0x00000000e18f7a28) thrown at [D:\src\AOSP-openjdk-cygwin\jdk8u\hotspot\src\share\vm\prims\jni.cpp, line 709]
Event: 50.664 Thread 0x0000000020d45000 Exception <a 'sun/nio/fs/WindowsException'> (0x00000000e18f8228) thrown at [D:\src\AOSP-openjdk-cygwin\jdk8u\hotspot\src\share\vm\prims\jni.cpp, line 709]

Events (10 events):
Event: 50.658 loading class com/android/tools/r8/utils/DexVersion$1
Event: 50.658 loading class com/android/tools/r8/utils/DexVersion$1 done
Event: 50.659 loading class java/util/zip/Adler32
Event: 50.660 loading class java/util/zip/Adler32 done
Event: 50.660 loading class com/android/tools/r8/dex/FileWriter$ByteBufferResult
Event: 50.660 loading class com/android/tools/r8/dex/FileWriter$ByteBufferResult done
Event: 50.661 loading class com/android/tools/r8/ByteDataView
Event: 50.661 loading class com/android/tools/r8/ByteDataView done
Event: 50.664 loading class sun/nio/fs/AbstractPath$1
Event: 50.665 loading class sun/nio/fs/AbstractPath$1 done


Dynamic libraries:
0x00007ff77ab90000 - 0x00007ff77abc1000 	E:\android-studio\jre\bin\java.exe
0x00007fff21220000 - 0x00007fff21400000 	C:\Windows\SYSTEM32\ntdll.dll
0x00007fff1e770000 - 0x00007fff1e81e000 	C:\Windows\System32\KERNEL32.DLL
0x00007fff1e3d0000 - 0x00007fff1e636000 	C:\Windows\System32\KERNELBASE.dll
0x00007fff21070000 - 0x00007fff21111000 	C:\Windows\System32\ADVAPI32.dll
0x00007fff1e970000 - 0x00007fff1ea0d000 	C:\Windows\System32\msvcrt.dll
0x00007fff1f3e0000 - 0x00007fff1f43b000 	C:\Windows\System32\sechost.dll
0x00007fff20900000 - 0x00007fff20a1f000 	C:\Windows\System32\RPCRT4.dll
0x00007fff20a20000 - 0x00007fff20bae000 	C:\Windows\System32\USER32.dll
0x00007fff1e2e0000 - 0x00007fff1e300000 	C:\Windows\System32\win32u.dll
0x00007fff1f440000 - 0x00007fff1f468000 	C:\Windows\System32\GDI32.dll
0x00007fff1d6c0000 - 0x00007fff1d851000 	C:\Windows\System32\gdi32full.dll
0x00007fff1d620000 - 0x00007fff1d6bb000 	C:\Windows\System32\msvcp_win.dll
0x00007fff1d860000 - 0x00007fff1d956000 	C:\Windows\System32\ucrtbase.dll
0x00007fff04d50000 - 0x00007fff04fb9000 	C:\Windows\WinSxS\amd64_microsoft.windows.common-controls_6595b64144ccf1df_6.0.16299.15_none_cc92fb402215d91d\COMCTL32.dll
0x00007fff1ede0000 - 0x00007fff1f0e8000 	C:\Windows\System32\combase.dll
0x00007fff1e350000 - 0x00007fff1e3c2000 	C:\Windows\System32\bcryptPrimitives.dll
0x00007fff1f490000 - 0x00007fff1f4bd000 	C:\Windows\System32\IMM32.DLL
0x0000000075ea0000 - 0x0000000075f72000 	E:\android-studio\jre\jre\bin\msvcr100.dll
0x0000000075530000 - 0x0000000075d71000 	E:\android-studio\jre\jre\bin\server\jvm.dll
0x00007fff1f370000 - 0x00007fff1f378000 	C:\Windows\System32\PSAPI.DLL
0x00007fff1c2b0000 - 0x00007fff1c2b9000 	C:\Windows\SYSTEM32\WSOCK32.dll
0x00007fff19c70000 - 0x00007fff19c93000 	C:\Windows\SYSTEM32\WINMM.dll
0x00007fff1b7a0000 - 0x00007fff1b7aa000 	C:\Windows\SYSTEM32\VERSION.dll
0x00007fff19c10000 - 0x00007fff19c3a000 	C:\Windows\SYSTEM32\WINMMBASE.dll
0x00007fff1e300000 - 0x00007fff1e34a000 	C:\Windows\System32\cfgmgr32.dll
0x00007fff21000000 - 0x00007fff2106c000 	C:\Windows\System32\WS2_32.dll
0x00007fff18ea0000 - 0x00007fff18eaf000 	E:\android-studio\jre\jre\bin\verify.dll
0x00007fff18440000 - 0x00007fff18469000 	E:\android-studio\jre\jre\bin\java.dll
0x00007fff180b0000 - 0x00007fff180c6000 	E:\android-studio\jre\jre\bin\zip.dll
0x00007fff1f4c0000 - 0x00007fff208f7000 	C:\Windows\System32\SHELL32.dll
0x00007fff1eb30000 - 0x00007fff1ebd6000 	C:\Windows\System32\shcore.dll
0x00007fff1d960000 - 0x00007fff1e0a7000 	C:\Windows\System32\windows.storage.dll
0x00007fff1ead0000 - 0x00007fff1eb21000 	C:\Windows\System32\shlwapi.dll
0x00007fff1d570000 - 0x00007fff1d581000 	C:\Windows\System32\kernel.appcore.dll
0x00007fff1d5d0000 - 0x00007fff1d61c000 	C:\Windows\System32\powrprof.dll
0x00007fff1d5b0000 - 0x00007fff1d5cb000 	C:\Windows\System32\profapi.dll
0x00007fff18090000 - 0x00007fff180aa000 	E:\android-studio\jre\jre\bin\net.dll
0x00007fff1ce00000 - 0x00007fff1ce66000 	C:\Windows\system32\mswsock.dll
0x00007fff13590000 - 0x00007fff135a1000 	E:\android-studio\jre\jre\bin\nio.dll
0x00007ffeefb30000 - 0x00007ffeefb56000 	C:\Users\Admin\.gradle\native\29\windows-amd64\native-platform.dll
0x00007fff18c90000 - 0x00007fff18c9d000 	E:\android-studio\jre\jre\bin\management.dll
0x00007fff1cfc0000 - 0x00007fff1cfd7000 	C:\Windows\SYSTEM32\CRYPTSP.dll
0x00007fff1ca10000 - 0x00007fff1ca43000 	C:\Windows\system32\rsaenh.dll
0x00007fff1d0d0000 - 0x00007fff1d0f5000 	C:\Windows\SYSTEM32\bcrypt.dll
0x00007fff1d4a0000 - 0x00007fff1d4c9000 	C:\Windows\SYSTEM32\USERENV.dll
0x00007fff1cfe0000 - 0x00007fff1cfeb000 	C:\Windows\SYSTEM32\CRYPTBASE.dll
0x00007fff1cb90000 - 0x00007fff1cbc9000 	C:\Windows\SYSTEM32\IPHLPAPI.DLL
0x00007fff1f480000 - 0x00007fff1f488000 	C:\Windows\System32\NSI.dll
0x00007fff177f0000 - 0x00007fff17806000 	C:\Windows\SYSTEM32\dhcpcsvc6.DLL
0x00007fff18520000 - 0x00007fff1853a000 	C:\Windows\SYSTEM32\dhcpcsvc.DLL
0x00007fff1c6b0000 - 0x00007fff1c6e1000 	C:\Windows\SYSTEM32\ntmarta.dll

VM Arguments:
jvm_args: -Xmx1536m -Dfile.encoding=windows-1252 -Duser.country=US -Duser.language=en -Duser.variant 
java_command: org.gradle.launcher.daemon.bootstrap.GradleDaemon 5.4.1
java_class_path (initial): C:\Users\Admin\.gradle\wrapper\dists\gradle-5.4.1-all\3221gyojl5jsh0helicew7rwx\gradle-5.4.1\lib\gradle-launcher-5.4.1.jar
Launcher Type: SUN_STANDARD

Environment Variables:
JAVA_HOME=C:\Program Files\Java\jdk1.8.0_211
CLASSPATH=.;
PATH=C:\Python27\;C:\Python27\Scripts;C:\Program Files (x86)\Common Files\Oracle\Java\javapath;C:\Windows\system32;C:\Windows;C:\Windows\System32\Wbem;C:\Windows\System32\WindowsPowerShell\v1.0\;C:\Program Files (x86)\GtkSharp\2.12\bin;C:\Program Files (x86)\Windows Kits\10\Windows Performance Toolkit\;C:\Program Files (x86)\Microsoft SQL Server\100\Tools\Binn\;C:\Program Files\Microsoft SQL Server\100\Tools\Binn\;C:\Program Files\Microsoft SQL Server\100\DTS\Binn\;C:\Program Files (x86)\Microsoft SQL Server\100\Tools\Binn\VSShell\Common7\IDE\;C:\Program Files (x86)\Microsoft SQL Server\100\DTS\Binn\;C:\Program Files\Microsoft SQL Server\120\Tools\Binn\;C:\Program Files\Microsoft SQL Server\Client SDK\ODBC\110\Tools\Binn\;C:\Program Files (x86)\Microsoft SQL Server\120\Tools\Binn\;C:\Program Files\Microsoft SQL Server\120\DTS\Binn\;C:\Program Files (x86)\Microsoft SQL Server\120\Tools\Binn\ManagementStudio\;C:\Program Files (x86)\Microsoft SQL Server\120\DTS\Binn\;C:\ProgramData\chocolatey\bin;C:\Program Files\Java\jdk1.8.0_211\bin;C:\Program Files\Microsoft\Web Platform Installer\;C:\Program Files (x86)\Microsoft ASP.NET\ASP.NET Web Pages\v1.0\;C:\xampp\php;C:\composer;E:\NodeJS\;C:\Program Files\Git\cmd;C:\Users\Admin\AppData\Local\Microsoft\WindowsApps;C:\Users\Admin\AppData\Local\Programs\Microsoft VS Code\bin;C:\Users\Admin\AppData\Roaming\Composer\vendor\bin;C:\Users\Admin\AppData\Roaming\npm
USERNAME=Admin
OS=Windows_NT
PROCESSOR_IDENTIFIER=Intel64 Family 6 Model 69 Stepping 1, GenuineIntel



---------------  S Y S T E M  ---------------

OS: Windows 10.0 , 64 bit Build 16299 (10.0.16299.15)

CPU:total 4 (initial active 4) (2 cores per cpu, 2 threads per core) family 6 model 69 stepping 1, cmov, cx8, fxsr, mmx, sse, sse2, sse3, ssse3, sse4.1, sse4.2, popcnt, avx, avx2, aes, clmul, erms, lzcnt, ht, tsc, tscinvbit, bmi1, bmi2

Memory: 4k page, physical 4098072k(142356k free), swap 11641392k(5380k free)

vm_info: OpenJDK 64-Bit Server VM (25.152-b01) for windows-amd64 JRE (1.8.0_152-release-1343-b01), built by "builder" with MS VC++ 10.0 (VS2010)

time: Mon Dec 02 18:06:09 2019
elapsed time: 50 seconds (0d 0h 0m 50s)

