#
# There is insufficient memory for the Java Runtime Environment to continue.
# Native memory allocation (malloc) failed to allocate 1124896 bytes for Chunk::new
# Possible reasons:
#   The system is out of physical RAM or swap space
#   In 32 bit mode, the process size limit was hit
# Possible solutions:
#   Reduce memory load on the system
#   Increase physical memory or swap space
#   Check if swap backing store is full
#   Use 64 bit Java on a 64 bit OS
#   Decrease Java heap size (-Xmx/-Xms)
#   Decrease number of Java threads
#   Decrease Java thread stack sizes (-Xss)
#   Set larger code cache with -XX:ReservedCodeCacheSize=
# This output file may be truncated or incomplete.
#
#  Out of Memory Error (allocation.cpp:390), pid=2676, tid=0x0000000000001ad0
#
# JRE version: OpenJDK Runtime Environment (8.0_152-b01) (build 1.8.0_152-release-1343-b01)
# Java VM: OpenJDK 64-Bit Server VM (25.152-b01 mixed mode windows-amd64 compressed oops)
# Failed to write core dump. Minidumps are not enabled by default on client versions of Windows
#

---------------  T H R E A D  ---------------

Current thread (0x00000000183d2800):  JavaThread "C2 CompilerThread1" daemon [_thread_in_native, id=6864, stack(0x0000000019b30000,0x0000000019c30000)]

Stack: [0x0000000019b30000,0x0000000019c30000]
[error occurred during error reporting (printing stack bounds), id 0xc0000005]

Native frames: (J=compiled Java code, j=interpreted, Vv=VM code, C=native code)


Current CompileTask:
C2:  70195 14484       4       com.android.tools.r8.ir.regalloc.LinearScanRegisterAllocator::performLinearScan (922 bytes)


---------------  P R O C E S S  ---------------

Java Threads: ( => current thread )
  0x000000001f1e6800 JavaThread "ForkJoinPool.commonPool-worker-0" daemon [_thread_in_native, id=7588, stack(0x0000000027060000,0x0000000027160000)]
  0x000000001f1e6000 JavaThread "ForkJoinPool.commonPool-worker-3" daemon [_thread_in_vm, id=8668, stack(0x0000000025d90000,0x0000000025e90000)]
  0x000000001f1e5000 JavaThread "ForkJoinPool.commonPool-worker-1" daemon [_thread_in_native, id=2324, stack(0x0000000025b90000,0x0000000025c90000)]
  0x000000001f1e4800 JavaThread "Cache worker for Java compile cache (E:\dsds-s-master\Reuse\.gradle\5.4.1\javaCompile)" [_thread_blocked, id=10792, stack(0x0000000025490000,0x0000000025590000)]
  0x000000001f1e3800 JavaThread "Cache worker for Java compile cache (C:\Users\Admin\.gradle\caches\5.4.1\javaCompile)" [_thread_blocked, id=13036, stack(0x0000000025390000,0x0000000025490000)]
  0x000000001a700000 JavaThread "stdout" [_thread_in_native, id=6360, stack(0x0000000025090000,0x0000000025190000)]
  0x000000001a6ff800 JavaThread "stderr" [_thread_in_native, id=6480, stack(0x0000000024f90000,0x0000000025090000)]
  0x000000001a6fd000 JavaThread "pool-2-thread-1" [_thread_blocked, id=3452, stack(0x0000000024e90000,0x0000000024f90000)]
  0x000000001a6f9800 JavaThread "Cache worker for execution history cache (E:\dsds-s-master\Reuse\.gradle\5.4.1\executionHistory)" [_thread_blocked, id=2528, stack(0x0000000024b90000,0x0000000024c90000)]
  0x000000001a6fb800 JavaThread "Execution worker for ':' Thread 3" [_thread_blocked, id=13016, stack(0x0000000024a90000,0x0000000024b90000)]
  0x000000001a6fc800 JavaThread "Execution worker for ':' Thread 2" [_thread_blocked, id=9740, stack(0x0000000024990000,0x0000000024a90000)]
  0x000000001a6fe000 JavaThread "Execution worker for ':'" [_thread_blocked, id=2720, stack(0x0000000024890000,0x0000000024990000)]
  0x000000001a6fe800 JavaThread "Cache worker for file content cache (E:\dsds-s-master\Reuse\.gradle\5.4.1\fileContent)" [_thread_blocked, id=12308, stack(0x0000000024790000,0x0000000024890000)]
  0x000000001a6fb000 JavaThread "Cache worker for file content cache (C:\Users\Admin\.gradle\caches\5.4.1\fileContent)" [_thread_blocked, id=220, stack(0x0000000024690000,0x0000000024790000)]
  0x000000001a6f1800 JavaThread "Memory manager" [_thread_blocked, id=4548, stack(0x0000000024390000,0x0000000024490000)]
  0x000000001a6f5800 JavaThread "Cache worker for Build Output Cleanup Cache (E:\dsds-s-master\Reuse\.gradle\buildOutputCleanup)" [_thread_blocked, id=12388, stack(0x0000000023290000,0x0000000023390000)]
  0x000000001a6f4800 JavaThread "Build operations Thread 4" [_thread_blocked, id=4308, stack(0x0000000022b90000,0x0000000022c90000)]
  0x000000001a6f7000 JavaThread "Build operations Thread 3" [_thread_blocked, id=8624, stack(0x0000000022a90000,0x0000000022b90000)]
  0x000000001a6f4000 JavaThread "Build operations Thread 2" [_thread_blocked, id=4776, stack(0x0000000022990000,0x0000000022a90000)]
  0x000000001a6f2800 JavaThread "Build operations" [_thread_blocked, id=3156, stack(0x0000000022890000,0x0000000022990000)]
  0x000000001a6f6000 JavaThread "Cache worker for execution history cache (C:\Users\Admin\.gradle\caches\5.4.1\executionHistory)" [_thread_blocked, id=1944, stack(0x0000000022470000,0x0000000022570000)]
  0x000000001a6f3000 JavaThread "Cache worker for cache directory md-rule (C:\Users\Admin\.gradle\caches\5.4.1\md-rule)" [_thread_blocked, id=11332, stack(0x0000000022370000,0x0000000022470000)]
  0x000000001bee4000 JavaThread "Cache worker for cache directory md-supplier (C:\Users\Admin\.gradle\caches\5.4.1\md-supplier)" [_thread_blocked, id=4832, stack(0x0000000022070000,0x0000000022170000)]
  0x000000001bee2000 JavaThread "Cache worker for file hash cache (E:\dsds-s-master\Reuse\.gradle\5.4.1\fileHashes)" [_thread_blocked, id=10312, stack(0x0000000020570000,0x0000000020670000)]
  0x000000001bee5000 JavaThread "Cache worker for journal cache (C:\Users\Admin\.gradle\caches\journal-1)" [_thread_blocked, id=9560, stack(0x000000001df50000,0x000000001e050000)]
  0x000000001bee7000 JavaThread "File lock request listener" [_thread_in_native, id=12108, stack(0x000000001de50000,0x000000001df50000)]
  0x000000001bee6800 JavaThread "Cache worker for file hash cache (C:\Users\Admin\.gradle\caches\5.4.1\fileHashes)" [_thread_blocked, id=900, stack(0x000000001dd50000,0x000000001de50000)]
  0x000000001b85e000 JavaThread "Thread-9" [_thread_blocked, id=5312, stack(0x000000001dc50000,0x000000001dd50000)]
  0x000000001b867000 JavaThread "Asynchronous log dispatcher for DefaultDaemonConnection: socket connection from /127.0.0.1:62608 to /127.0.0.1:62609" [_thread_blocked, id=12592, stack(0x000000001da50000,0x000000001db50000)]
  0x000000001b866800 JavaThread "Daemon worker" [_thread_blocked, id=2960, stack(0x000000001d950000,0x000000001da50000)]
  0x000000001ad4d000 JavaThread "Cancel handler" [_thread_blocked, id=10388, stack(0x000000001d850000,0x000000001d950000)]
  0x000000001adbf000 JavaThread "Handler for socket connection from /127.0.0.1:62608 to /127.0.0.1:62609" [_thread_in_native, id=5116, stack(0x000000001d550000,0x000000001d650000)]
  0x000000001adba800 JavaThread "Daemon" [_thread_blocked, id=5424, stack(0x000000001d450000,0x000000001d550000)]
  0x000000001afea800 JavaThread "Daemon periodic checks" [_thread_blocked, id=4224, stack(0x000000001d350000,0x000000001d450000)]
  0x000000001afe7800 JavaThread "Incoming local TCP Connector on port 62608" [_thread_in_native, id=11864, stack(0x000000001d110000,0x000000001d210000)]
  0x000000001aea0800 JavaThread "Daemon health stats" [_thread_blocked, id=12116, stack(0x000000001cad0000,0x000000001cbd0000)]
  0x0000000019d58800 JavaThread "Service Thread" daemon [_thread_blocked, id=9296, stack(0x000000001a130000,0x000000001a230000)]
  0x00000000183d5800 JavaThread "C1 CompilerThread2" daemon [_thread_blocked, id=12232, stack(0x0000000019c30000,0x0000000019d30000)]
=>0x00000000183d2800 JavaThread "C2 CompilerThread1" daemon [_thread_in_native, id=6864, stack(0x0000000019b30000,0x0000000019c30000)]
  0x00000000183cd000 JavaThread "C2 CompilerThread0" daemon [_thread_in_native, id=12084, stack(0x0000000019a30000,0x0000000019b30000)]
  0x00000000183cb000 JavaThread "Attach Listener" daemon [_thread_blocked, id=4008, stack(0x0000000019930000,0x0000000019a30000)]
  0x00000000183c9800 JavaThread "Signal Dispatcher" daemon [_thread_blocked, id=1480, stack(0x0000000019830000,0x0000000019930000)]
  0x0000000004a5a000 JavaThread "Finalizer" daemon [_thread_blocked, id=13164, stack(0x0000000019630000,0x0000000019730000)]
  0x0000000004a51000 JavaThread "Reference Handler" daemon [_thread_blocked, id=8164, stack(0x0000000019530000,0x0000000019630000)]
  0x000000000077e000 JavaThread "main" [_thread_blocked, id=5680, stack(0x0000000004860000,0x0000000004960000)]

Other Threads:
  0x0000000018396800 VMThread [stack: 0x0000000019430000,0x0000000019530000] [id=2212]
  0x000000001842e800 WatcherThread [stack: 0x000000001a230000,0x000000001a330000] [id=12384]

VM state:not at safepoint (normal execution)

VM Mutex/Monitor currently owned by a thread: None

Heap:
 PSYoungGen      total 279040K, used 147192K [0x00000000e0000000, 0x00000000f4400000, 0x0000000100000000)
  eden space 240128K, 48% used [0x00000000e0000000,0x00000000e727d9f0,0x00000000eea80000)
  from space 38912K, 76% used [0x00000000f1380000,0x00000000f30c0868,0x00000000f3980000)
  to   space 41984K, 0% used [0x00000000eea80000,0x00000000eea80000,0x00000000f1380000)
 ParOldGen       total 88064K, used 70928K [0x00000000a0000000, 0x00000000a5600000, 0x00000000e0000000)
  object space 88064K, 80% used [0x00000000a0000000,0x00000000a4544018,0x00000000a5600000)
 Metaspace       used 82813K, capacity 86194K, committed 86360K, reserved 1124352K
  class space    used 10823K, capacity 11505K, committed 11608K, reserved 1048576K

Card table byte_map: [0x0000000013e20000,0x0000000014130000] byte_map_base: 0x0000000013920000

Marking Bits: (ParMarkBitMap*) 0x0000000075cf5aa0
 Begin Bits: [0x0000000014730000, 0x0000000015f30000)
 End Bits:   [0x0000000015f30000, 0x0000000017730000)

Polling page: 0x0000000002c60000

CodeCache: size=245760Kb used=40049Kb max_used=40115Kb free=205710Kb
 bounds [0x0000000004a60000, 0x00000000071d0000, 0x0000000013a60000]
 total_blobs=13096 nmethods=12214 adapters=793
 compilation: enabled

Compilation events (10 events):
Event: 70.086 Thread 0x00000000183d5800 14505       2       com.android.tools.r8.code.Nop::hashCode (14 bytes)
Event: 70.086 Thread 0x00000000183d5800 nmethod 14505 0x000000000546b510 code [0x000000000546b680, 0x000000000546b838]
Event: 70.137 Thread 0x00000000183d5800 14506       3       com.android.tools.r8.ir.regalloc.LinearScanRegisterAllocator::allocateSingleInterval (841 bytes)
Event: 70.147 Thread 0x00000000183d5800 nmethod 14506 0x00000000071c3c50 code [0x00000000071c4380, 0x00000000071c8a38]
Event: 70.156 Thread 0x00000000183d5800 14507       2       com.android.tools.r8.code.Format22t::<init> (101 bytes)
Event: 70.157 Thread 0x00000000183d5800 nmethod 14507 0x00000000053f0b50 code [0x00000000053f0ca0, 0x00000000053f0df0]
Event: 70.164 Thread 0x00000000183d5800 14509 %     3       com.android.tools.r8.ir.optimize.CodeRewriter::hasCSECandidate @ 35 (75 bytes)
Event: 70.167 Thread 0x00000000183d5800 nmethod 14509% 0x000000000526fb50 code [0x000000000526fe00, 0x00000000052710c8]
Event: 70.176 Thread 0x00000000183d5800 14511       2       com.android.tools.r8.ir.code.ValueTypeConstraint::fromTypeLattice (122 bytes)
Event: 70.177 Thread 0x00000000183d5800 nmethod 14511 0x0000000005a0ef10 code [0x0000000005a0f180, 0x0000000005a0f8c8]

GC Heap History (10 events):
Event: 42.151 GC heap before
{Heap before GC invocations=19 (full 3):
 PSYoungGen      total 210432K, used 210408K [0x00000000e0000000, 0x00000000efc00000, 0x0000000100000000)
  eden space 192512K, 100% used [0x00000000e0000000,0x00000000ebc00000,0x00000000ebc00000)
  from space 17920K, 99% used [0x00000000ebc00000,0x00000000ecd7a090,0x00000000ecd80000)
  to   space 24064K, 0% used [0x00000000ee480000,0x00000000ee480000,0x00000000efc00000)
 ParOldGen       total 88064K, used 38634K [0x00000000a0000000, 0x00000000a5600000, 0x00000000e0000000)
  object space 88064K, 43% used [0x00000000a0000000,0x00000000a25ba850,0x00000000a5600000)
 Metaspace       used 70137K, capacity 72416K, committed 72664K, reserved 1112064K
  class space    used 9348K, capacity 9824K, committed 9944K, reserved 1048576K
Event: 42.247 GC heap after
Heap after GC invocations=19 (full 3):
 PSYoungGen      total 227840K, used 24032K [0x00000000e0000000, 0x00000000f1600000, 0x0000000100000000)
  eden space 203776K, 0% used [0x00000000e0000000,0x00000000e0000000,0x00000000ec700000)
  from space 24064K, 99% used [0x00000000ee480000,0x00000000efbf81a8,0x00000000efc00000)
  to   space 30208K, 0% used [0x00000000ec700000,0x00000000ec700000,0x00000000ee480000)
 ParOldGen       total 88064K, used 45296K [0x00000000a0000000, 0x00000000a5600000, 0x00000000e0000000)
  object space 88064K, 51% used [0x00000000a0000000,0x00000000a2c3c3d8,0x00000000a5600000)
 Metaspace       used 70137K, capacity 72416K, committed 72664K, reserved 1112064K
  class space    used 9348K, capacity 9824K, committed 9944K, reserved 1048576K
}
Event: 49.081 GC heap before
{Heap before GC invocations=20 (full 3):
 PSYoungGen      total 227840K, used 227808K [0x00000000e0000000, 0x00000000f1600000, 0x0000000100000000)
  eden space 203776K, 100% used [0x00000000e0000000,0x00000000ec700000,0x00000000ec700000)
  from space 24064K, 99% used [0x00000000ee480000,0x00000000efbf81a8,0x00000000efc00000)
  to   space 30208K, 0% used [0x00000000ec700000,0x00000000ec700000,0x00000000ee480000)
 ParOldGen       total 88064K, used 45296K [0x00000000a0000000, 0x00000000a5600000, 0x00000000e0000000)
  object space 88064K, 51% used [0x00000000a0000000,0x00000000a2c3c3d8,0x00000000a5600000)
 Metaspace       used 71619K, capacity 73998K, committed 74328K, reserved 1114112K
  class space    used 9461K, capacity 9975K, committed 10072K, reserved 1048576K
Event: 49.144 GC heap after
Heap after GC invocations=20 (full 3):
 PSYoungGen      total 233984K, used 13190K [0x00000000e0000000, 0x00000000f1400000, 0x0000000100000000)
  eden space 203776K, 0% used [0x00000000e0000000,0x00000000e0000000,0x00000000ec700000)
  from space 30208K, 43% used [0x00000000ec700000,0x00000000ed3e1960,0x00000000ee480000)
  to   space 28672K, 0% used [0x00000000ef800000,0x00000000ef800000,0x00000000f1400000)
 ParOldGen       total 88064K, used 62299K [0x00000000a0000000, 0x00000000a5600000, 0x00000000e0000000)
  object space 88064K, 70% used [0x00000000a0000000,0x00000000a3cd6e30,0x00000000a5600000)
 Metaspace       used 71619K, capacity 73998K, committed 74328K, reserved 1114112K
  class space    used 9461K, capacity 9975K, committed 10072K, reserved 1048576K
}
Event: 52.671 GC heap before
{Heap before GC invocations=21 (full 3):
 PSYoungGen      total 233984K, used 216966K [0x00000000e0000000, 0x00000000f1400000, 0x0000000100000000)
  eden space 203776K, 100% used [0x00000000e0000000,0x00000000ec700000,0x00000000ec700000)
  from space 30208K, 43% used [0x00000000ec700000,0x00000000ed3e1960,0x00000000ee480000)
  to   space 28672K, 0% used [0x00000000ef800000,0x00000000ef800000,0x00000000f1400000)
 ParOldGen       total 88064K, used 62338K [0x00000000a0000000, 0x00000000a5600000, 0x00000000e0000000)
  object space 88064K, 70% used [0x00000000a0000000,0x00000000a3ce0978,0x00000000a5600000)
 Metaspace       used 72051K, capacity 74496K, committed 74584K, reserved 1114112K
  class space    used 9518K, capacity 10026K, committed 10072K, reserved 1048576K
Event: 52.731 GC heap after
Heap after GC invocations=21 (full 3):
 PSYoungGen      total 249856K, used 28085K [0x00000000e0000000, 0x00000000f1d00000, 0x0000000100000000)
  eden space 221184K, 0% used [0x00000000e0000000,0x00000000e0000000,0x00000000ed800000)
  from space 28672K, 97% used [0x00000000ef800000,0x00000000f136d618,0x00000000f1400000)
  to   space 32768K, 0% used [0x00000000ed800000,0x00000000ed800000,0x00000000ef800000)
 ParOldGen       total 88064K, used 62346K [0x00000000a0000000, 0x00000000a5600000, 0x00000000e0000000)
  object space 88064K, 70% used [0x00000000a0000000,0x00000000a3ce2978,0x00000000a5600000)
 Metaspace       used 72051K, capacity 74496K, committed 74584K, reserved 1114112K
  class space    used 9518K, capacity 10026K, committed 10072K, reserved 1048576K
}
Event: 58.877 GC heap before
{Heap before GC invocations=22 (full 3):
 PSYoungGen      total 249856K, used 249269K [0x00000000e0000000, 0x00000000f1d00000, 0x0000000100000000)
  eden space 221184K, 100% used [0x00000000e0000000,0x00000000ed800000,0x00000000ed800000)
  from space 28672K, 97% used [0x00000000ef800000,0x00000000f136d618,0x00000000f1400000)
  to   space 32768K, 0% used [0x00000000ed800000,0x00000000ed800000,0x00000000ef800000)
 ParOldGen       total 88064K, used 62351K [0x00000000a0000000, 0x00000000a5600000, 0x00000000e0000000)
  object space 88064K, 70% used [0x00000000a0000000,0x00000000a3ce3e90,0x00000000a5600000)
 Metaspace       used 72707K, capacity 75222K, committed 75480K, reserved 1114112K
  class space    used 9613K, capacity 10163K, committed 10200K, reserved 1048576K
Event: 58.924 GC heap after
Heap after GC invocations=22 (full 3):
 PSYoungGen      total 253952K, used 32746K [0x00000000e0000000, 0x00000000f3980000, 0x0000000100000000)
  eden space 221184K, 0% used [0x00000000e0000000,0x00000000e0000000,0x00000000ed800000)
  from space 32768K, 99% used [0x00000000ed800000,0x00000000ef7faa20,0x00000000ef800000)
  to   space 38912K, 0% used [0x00000000f1380000,0x00000000f1380000,0x00000000f3980000)
 ParOldGen       total 88064K, used 64214K [0x00000000a0000000, 0x00000000a5600000, 0x00000000e0000000)
  object space 88064K, 72% used [0x00000000a0000000,0x00000000a3eb59d0,0x00000000a5600000)
 Metaspace       used 72707K, capacity 75222K, committed 75480K, reserved 1114112K
  class space    used 9613K, capacity 10163K, committed 10200K, reserved 1048576K
}
Event: 65.339 GC heap before
{Heap before GC invocations=23 (full 3):
 PSYoungGen      total 253952K, used 253930K [0x00000000e0000000, 0x00000000f3980000, 0x0000000100000000)
  eden space 221184K, 100% used [0x00000000e0000000,0x00000000ed800000,0x00000000ed800000)
  from space 32768K, 99% used [0x00000000ed800000,0x00000000ef7faa20,0x00000000ef800000)
  to   space 38912K, 0% used [0x00000000f1380000,0x00000000f1380000,0x00000000f3980000)
 ParOldGen       total 88064K, used 64214K [0x00000000a0000000, 0x00000000a5600000, 0x00000000e0000000)
  object space 88064K, 72% used [0x00000000a0000000,0x00000000a3eb59d0,0x00000000a5600000)
 Metaspace       used 82008K, capacity 85124K, committed 85208K, reserved 1122304K
  class space    used 10738K, capacity 11404K, committed 11480K, reserved 1048576K
Event: 65.512 GC heap after
Heap after GC invocations=23 (full 3):
 PSYoungGen      total 279040K, used 29954K [0x00000000e0000000, 0x00000000f4400000, 0x0000000100000000)
  eden space 240128K, 0% used [0x00000000e0000000,0x00000000e0000000,0x00000000eea80000)
  from space 38912K, 76% used [0x00000000f1380000,0x00000000f30c0868,0x00000000f3980000)
  to   space 41984K, 0% used [0x00000000eea80000,0x00000000eea80000,0x00000000f1380000)
 ParOldGen       total 88064K, used 70928K [0x00000000a0000000, 0x00000000a5600000, 0x00000000e0000000)
  object space 88064K, 80% used [0x00000000a0000000,0x00000000a4544018,0x00000000a5600000)
 Metaspace       used 82008K, capacity 85124K, committed 85208K, reserved 1122304K
  class space    used 10738K, capacity 11404K, committed 11480K, reserved 1048576K
}

Deoptimization events (10 events):
Event: 68.340 Thread 0x000000001f1e6800 Uncommon trap: reason=array_check action=maybe_recompile pc=0x00000000070c913c method=java.util.TimSort.reverseRange([Ljava/lang/Object;II)V @ 20
Event: 68.341 Thread 0x000000001f1e6800 Uncommon trap: reason=array_check action=maybe_recompile pc=0x00000000070c913c method=java.util.TimSort.reverseRange([Ljava/lang/Object;II)V @ 20
Event: 68.341 Thread 0x000000001f1e6800 Uncommon trap: reason=array_check action=maybe_recompile pc=0x00000000070c913c method=java.util.TimSort.reverseRange([Ljava/lang/Object;II)V @ 20
Event: 68.341 Thread 0x000000001f1e6800 Uncommon trap: reason=array_check action=maybe_recompile pc=0x00000000070c913c method=java.util.TimSort.reverseRange([Ljava/lang/Object;II)V @ 20
Event: 68.781 Thread 0x000000001f1e6000 Uncommon trap: reason=unstable_if action=reinterpret pc=0x00000000071045fc method=com.android.tools.r8.it.unimi.dsi.fastutil.objects.Reference2IntLinkedOpenHashMap.insert(Ljava/lang/Object;I)I @ 213
Event: 68.882 Thread 0x000000001f1e5000 Uncommon trap: reason=unstable_if action=reinterpret pc=0x0000000007121d68 method=com.android.tools.r8.it.unimi.dsi.fastutil.objects.Reference2IntLinkedOpenHashMap.put(Ljava/lang/Object;I)I @ 8
Event: 69.058 Thread 0x000000001f1e6000 Uncommon trap: reason=unstable_if action=reinterpret pc=0x0000000006af9ec4 method=java.nio.file.FileTreeIterator.fetchNextIfNeeded()V @ 16
Event: 69.448 Thread 0x000000001f1e6000 Uncommon trap: reason=class_check action=maybe_recompile pc=0x000000000655fe2c method=com.android.tools.r8.ir.code.Binop.rightValue()Lcom/android/tools/r8/ir/code/Value; @ 10
Event: 69.518 Thread 0x000000001f1e6800 Uncommon trap: reason=array_check action=maybe_recompile pc=0x00000000071114fc method=java.util.TimSort.mergeHi(IIII)V @ 101
Event: 69.962 Thread 0x000000001f1e6000 Uncommon trap: reason=unstable_if action=reinterpret pc=0x00000000070862f0 method=com.android.tools.r8.ir.regalloc.LiveIntervals.anySplitOverlaps(Lcom/android/tools/r8/ir/regalloc/LiveIntervals;)Z @ 10

Classes redefined (0 events):
No events

Internal exceptions (10 events):
Event: 69.021 Thread 0x000000001f1e6800 Exception <a 'sun/nio/fs/WindowsException'> (0x00000000e524a6e0) thrown at [D:\src\AOSP-openjdk-cygwin\jdk8u\hotspot\src\share\vm\prims\jni.cpp, line 709]
Event: 69.046 Thread 0x000000001f1e5000 Exception <a 'sun/nio/fs/WindowsException'> (0x00000000e505c870) thrown at [D:\src\AOSP-openjdk-cygwin\jdk8u\hotspot\src\share\vm\prims\jni.cpp, line 709]
Event: 69.059 Thread 0x000000001f1e6000 Exception <a 'sun/nio/fs/WindowsException'> (0x00000000e5533a88) thrown at [D:\src\AOSP-openjdk-cygwin\jdk8u\hotspot\src\share\vm\prims\jni.cpp, line 709]
Event: 69.148 Thread 0x000000001f1e5000 Exception <a 'sun/nio/fs/WindowsException'> (0x00000000e50a1e10) thrown at [D:\src\AOSP-openjdk-cygwin\jdk8u\hotspot\src\share\vm\prims\jni.cpp, line 709]
Event: 69.150 Thread 0x000000001f1e6800 Exception <a 'sun/nio/fs/WindowsException'> (0x00000000e528f2a8) thrown at [D:\src\AOSP-openjdk-cygwin\jdk8u\hotspot\src\share\vm\prims\jni.cpp, line 709]
Event: 69.342 Thread 0x000000001f1e5000 Exception <a 'sun/nio/fs/WindowsException'> (0x00000000e50e6630) thrown at [D:\src\AOSP-openjdk-cygwin\jdk8u\hotspot\src\share\vm\prims\jni.cpp, line 709]
Event: 69.522 Thread 0x000000001f1e6800 Exception <a 'sun/nio/fs/WindowsException'> (0x00000000e52ecac0) thrown at [D:\src\AOSP-openjdk-cygwin\jdk8u\hotspot\src\share\vm\prims\jni.cpp, line 709]
Event: 69.631 Thread 0x000000001f1e5000 Exception <a 'sun/nio/fs/WindowsException'> (0x00000000e50eb220) thrown at [D:\src\AOSP-openjdk-cygwin\jdk8u\hotspot\src\share\vm\prims\jni.cpp, line 709]
Event: 70.033 Thread 0x000000001f1e6800 Exception <a 'sun/nio/fs/WindowsException'> (0x00000000e52f1958) thrown at [D:\src\AOSP-openjdk-cygwin\jdk8u\hotspot\src\share\vm\prims\jni.cpp, line 709]
Event: 70.130 Thread 0x000000001f1e5000 Exception <a 'sun/nio/fs/WindowsException'> (0x00000000e50f09c0) thrown at [D:\src\AOSP-openjdk-cygwin\jdk8u\hotspot\src\share\vm\prims\jni.cpp, line 709]

Events (10 events):
Event: 70.159 Thread 0x00000000183d5800 flushing nmethod 0x0000000005e0b9d0
Event: 70.159 Thread 0x00000000183d5800 flushing nmethod 0x0000000005e0e0d0
Event: 70.167 Thread 0x00000000183d5800 flushing nmethod 0x0000000005ebf950
Event: 70.168 Thread 0x00000000183d5800 flushing nmethod 0x0000000005f76590
Event: 70.168 Thread 0x00000000183d5800 flushing nmethod 0x0000000005f9b110
Event: 70.169 Thread 0x00000000183d5800 flushing nmethod 0x00000000060476d0
Event: 70.177 Thread 0x00000000183d5800 flushing nmethod 0x0000000006098750
Event: 70.178 Thread 0x00000000183d5800 flushing nmethod 0x00000000060dc990
Event: 70.178 Thread 0x00000000183d5800 flushing nmethod 0x000000000617c5d0
Event: 70.179 Thread 0x00000000183d5800 flushing nmethod 0x0000000006229910


Dynamic libraries:
0x00007ff77ab90000 - 0x00007ff77abc1000 	E:\android-studio\jre\bin\java.exe
0x00007fff21220000 - 0x00007fff21400000 	C:\Windows\SYSTEM32\ntdll.dll
0x00007fff1e770000 - 0x00007fff1e81e000 	C:\Windows\System32\KERNEL32.DLL
0x00007fff1e3d0000 - 0x00007fff1e636000 	C:\Windows\System32\KERNELBASE.dll
0x00007fff21070000 - 0x00007fff21111000 	C:\Windows\System32\ADVAPI32.dll
0x00007fff1e970000 - 0x00007fff1ea0d000 	C:\Windows\System32\msvcrt.dll
0x00007fff1f3e0000 - 0x00007fff1f43b000 	C:\Windows\System32\sechost.dll
0x00007fff20900000 - 0x00007fff20a1f000 	C:\Windows\System32\RPCRT4.dll
0x00007fff20a20000 - 0x00007fff20bae000 	C:\Windows\System32\USER32.dll
0x00007fff1e2e0000 - 0x00007fff1e300000 	C:\Windows\System32\win32u.dll
0x00007fff1f440000 - 0x00007fff1f468000 	C:\Windows\System32\GDI32.dll
0x00007fff1d6c0000 - 0x00007fff1d851000 	C:\Windows\System32\gdi32full.dll
0x00007fff1d620000 - 0x00007fff1d6bb000 	C:\Windows\System32\msvcp_win.dll
0x00007fff1d860000 - 0x00007fff1d956000 	C:\Windows\System32\ucrtbase.dll
0x00007fff04d50000 - 0x00007fff04fb9000 	C:\Windows\WinSxS\amd64_microsoft.windows.common-controls_6595b64144ccf1df_6.0.16299.15_none_cc92fb402215d91d\COMCTL32.dll
0x00007fff1ede0000 - 0x00007fff1f0e8000 	C:\Windows\System32\combase.dll
0x00007fff1e350000 - 0x00007fff1e3c2000 	C:\Windows\System32\bcryptPrimitives.dll
0x00007fff1f490000 - 0x00007fff1f4bd000 	C:\Windows\System32\IMM32.DLL
0x0000000076000000 - 0x00000000760d2000 	E:\android-studio\jre\jre\bin\msvcr100.dll
0x0000000075530000 - 0x0000000075d71000 	E:\android-studio\jre\jre\bin\server\jvm.dll
0x00007fff1f370000 - 0x00007fff1f378000 	C:\Windows\System32\PSAPI.DLL
0x00007fff19c70000 - 0x00007fff19c93000 	C:\Windows\SYSTEM32\WINMM.dll
0x00007fff1b7a0000 - 0x00007fff1b7aa000 	C:\Windows\SYSTEM32\VERSION.dll
0x00007fff19c10000 - 0x00007fff19c3a000 	C:\Windows\SYSTEM32\winmmbase.dll
0x00007fff1e300000 - 0x00007fff1e34a000 	C:\Windows\System32\cfgmgr32.dll
0x00007fff1c2b0000 - 0x00007fff1c2b9000 	C:\Windows\SYSTEM32\WSOCK32.dll
0x00007fff21000000 - 0x00007fff2106c000 	C:\Windows\System32\WS2_32.dll
0x00007fff18ea0000 - 0x00007fff18eaf000 	E:\android-studio\jre\jre\bin\verify.dll
0x00007fff18440000 - 0x00007fff18469000 	E:\android-studio\jre\jre\bin\java.dll
0x00007fff180b0000 - 0x00007fff180c6000 	E:\android-studio\jre\jre\bin\zip.dll
0x00007fff1f4c0000 - 0x00007fff208f7000 	C:\Windows\System32\SHELL32.dll
0x00007fff1eb30000 - 0x00007fff1ebd6000 	C:\Windows\System32\shcore.dll
0x00007fff1d960000 - 0x00007fff1e0a7000 	C:\Windows\System32\windows.storage.dll
0x00007fff1ead0000 - 0x00007fff1eb21000 	C:\Windows\System32\shlwapi.dll
0x00007fff1d570000 - 0x00007fff1d581000 	C:\Windows\System32\kernel.appcore.dll
0x00007fff1d5d0000 - 0x00007fff1d61c000 	C:\Windows\System32\powrprof.dll
0x00007fff1d5b0000 - 0x00007fff1d5cb000 	C:\Windows\System32\profapi.dll
0x00007fff18090000 - 0x00007fff180aa000 	E:\android-studio\jre\jre\bin\net.dll
0x00007fff1ce00000 - 0x00007fff1ce66000 	C:\Windows\system32\mswsock.dll
0x00007fff13590000 - 0x00007fff135a1000 	E:\android-studio\jre\jre\bin\nio.dll
0x00007ffeefb30000 - 0x00007ffeefb56000 	C:\Users\Admin\.gradle\native\29\windows-amd64\native-platform.dll
0x00007fff18c90000 - 0x00007fff18c9d000 	E:\android-studio\jre\jre\bin\management.dll
0x00007fff1cfc0000 - 0x00007fff1cfd7000 	C:\Windows\SYSTEM32\CRYPTSP.dll
0x00007fff1ca10000 - 0x00007fff1ca43000 	C:\Windows\system32\rsaenh.dll
0x00007fff1d0d0000 - 0x00007fff1d0f5000 	C:\Windows\SYSTEM32\bcrypt.dll
0x00007fff1d4a0000 - 0x00007fff1d4c9000 	C:\Windows\SYSTEM32\USERENV.dll
0x00007fff1cfe0000 - 0x00007fff1cfeb000 	C:\Windows\SYSTEM32\CRYPTBASE.dll
0x00007fff1cb90000 - 0x00007fff1cbc9000 	C:\Windows\SYSTEM32\IPHLPAPI.DLL
0x00007fff1f480000 - 0x00007fff1f488000 	C:\Windows\System32\NSI.dll
0x00007fff177f0000 - 0x00007fff17806000 	C:\Windows\SYSTEM32\dhcpcsvc6.DLL
0x00007fff18520000 - 0x00007fff1853a000 	C:\Windows\SYSTEM32\dhcpcsvc.DLL
0x00007fff1c6b0000 - 0x00007fff1c6e1000 	C:\Windows\SYSTEM32\ntmarta.dll

VM Arguments:
jvm_args: -Xmx1536m -Dfile.encoding=windows-1252 -Duser.country=US -Duser.language=en -Duser.variant 
java_command: org.gradle.launcher.daemon.bootstrap.GradleDaemon 5.4.1
java_class_path (initial): C:\Users\Admin\.gradle\wrapper\dists\gradle-5.4.1-all\3221gyojl5jsh0helicew7rwx\gradle-5.4.1\lib\gradle-launcher-5.4.1.jar
Launcher Type: SUN_STANDARD

Environment Variables:
JAVA_HOME=C:\Program Files\Java\jdk1.8.0_211
CLASSPATH=.;
PATH=C:\Python27\;C:\Python27\Scripts;C:\Program Files (x86)\Common Files\Oracle\Java\javapath;C:\Windows\system32;C:\Windows;C:\Windows\System32\Wbem;C:\Windows\System32\WindowsPowerShell\v1.0\;C:\Program Files (x86)\GtkSharp\2.12\bin;C:\Program Files (x86)\Windows Kits\10\Windows Performance Toolkit\;C:\Program Files (x86)\Microsoft SQL Server\100\Tools\Binn\;C:\Program Files\Microsoft SQL Server\100\Tools\Binn\;C:\Program Files\Microsoft SQL Server\100\DTS\Binn\;C:\Program Files (x86)\Microsoft SQL Server\100\Tools\Binn\VSShell\Common7\IDE\;C:\Program Files (x86)\Microsoft SQL Server\100\DTS\Binn\;C:\Program Files\Microsoft SQL Server\120\Tools\Binn\;C:\Program Files\Microsoft SQL Server\Client SDK\ODBC\110\Tools\Binn\;C:\Program Files (x86)\Microsoft SQL Server\120\Tools\Binn\;C:\Program Files\Microsoft SQL Server\120\DTS\Binn\;C:\Program Files (x86)\Microsoft SQL Server\120\Tools\Binn\ManagementStudio\;C:\Program Files (x86)\Microsoft SQL Server\120\DTS\Binn\;C:\ProgramData\chocolatey\bin;C:\Program Files\Java\jdk1.8.0_211\bin;C:\Program Files\Microsoft\Web Platform Installer\;C:\Program Files (x86)\Microsoft ASP.NET\ASP.NET Web Pages\v1.0\;C:\xampp\php;C:\composer;E:\NodeJS\;C:\Program Files\Git\cmd;C:\Users\Admin\AppData\Local\Microsoft\WindowsApps;C:\Users\Admin\AppData\Local\Programs\Microsoft VS Code\bin;C:\Users\Admin\AppData\Roaming\Composer\vendor\bin;C:\Users\Admin\AppData\Roaming\npm
USERNAME=Admin
OS=Windows_NT
PROCESSOR_IDENTIFIER=Intel64 Family 6 Model 69 Stepping 1, GenuineIntel



---------------  S Y S T E M  ---------------

OS: Windows 10.0 , 64 bit Build 16299 (10.0.16299.15)

CPU:total 4 (initial active 4) (2 cores per cpu, 2 threads per core) family 6 model 69 stepping 1, cmov, cx8, fxsr, mmx, sse, sse2, sse3, ssse3, sse4.1, sse4.2, popcnt, avx, avx2, aes, clmul, erms, lzcnt, ht, tsc, tscinvbit, bmi1, bmi2

Memory: 4k page, physical 4098072k(145140k free), swap 11641392k(5512k free)

vm_info: OpenJDK 64-Bit Server VM (25.152-b01) for windows-amd64 JRE (1.8.0_152-release-1343-b01), built by "builder" with MS VC++ 10.0 (VS2010)

time: Mon Dec 02 18:07:26 2019
elapsed time: 70 seconds (0d 0h 1m 10s)

